<?xml version="1.0" encoding="UTF-8"?>
<!-- Generated by org.testng.reporters.JUnitReportReporter -->
<testsuite hostname="Harry" failures="0" tests="1" name="mailVerification.testScript.SendMail" time="25.326" errors="0" timestamp="2023-03-08T02:08:02 IST" skipped="0">
  <testcase classname="mailVerification.testScript.SendMail" name="sendMail" time="25.326"/>
  <system-out/>
</testsuite> <!-- mailVerification.testScript.SendMail -->
