<?xml version="1.0" encoding="UTF-8"?>
<!-- Generated by org.testng.reporters.JUnitReportReporter -->
<testsuite hostname="Harry" failures="0" tests="1" name="mailVerification.testScript.ReciveMail" time="22.545" errors="0" timestamp="2023-03-08T02:08:02 IST" skipped="0">
  <testcase classname="mailVerification.testScript.ReciveMail" name="reciveMail" time="22.545"/>
  <system-out/>
</testsuite> <!-- mailVerification.testScript.ReciveMail -->
